<?xml version="1.0" encoding="UTF-8"?>
<!-- Generated by org.testng.reporters.JUnitReportReporter -->
<testsuite hostname="LAPTOP-65ID085J" failures="0" tests="2" name="com.tests.HomePageTest" time="41.251" errors="0" timestamp="2021-01-06T11:22:32 IST" skipped="0">
  <testcase classname="com.tests.HomePageTest" name="manageridcheck" time="19.436"/>
  <system-out/>
  <testcase classname="com.tests.HomePageTest" name="newcustomer" time="21.815"/>
  <system-out/>
</testsuite> <!-- com.tests.HomePageTest -->
