<?xml version="1.0" encoding="UTF-8"?>
<!-- Generated by org.testng.reporters.JUnitReportReporter -->
<testsuite hostname="LAPTOP-65ID085J" failures="0" tests="2" name="com.tests.LoginPageTest" time="114.609" errors="0" timestamp="2021-01-06T11:22:32 IST" skipped="0">
  <testcase classname="com.tests.LoginPageTest" name="titlevalidation" time="96.561"/>
  <system-out/>
  <testcase classname="com.tests.LoginPageTest" name="logintest" time="18.048"/>
  <system-out/>
</testsuite> <!-- com.tests.LoginPageTest -->
